#
# A fatal error has been detected by the Java Runtime Environment:
#
#  SIGSEGV (0xb) at pc=0x000000010228b00b, pid=840, tid=0x0000000000003103
#
# JRE version: OpenJDK Runtime Environment (8.0_202) (build 1.8.0_202-release-1483-b49-5587405)
# Java VM: OpenJDK 64-Bit Server VM (25.202-b49-5587405 mixed mode bsd-amd64 compressed oops)
# Problematic frame:
# V  [libjvm.dylib+0x48b00b]  PSParallelCompact::IsAliveClosure::do_object_b(oopDesc*)+0x29
#
# Failed to write core dump. Core dumps have been disabled. To enable core dumping, try "ulimit -c unlimited" before starting Java again
#
# If you would like to submit a bug report, please visit:
#   http://bugreport.java.com/bugreport/crash.jsp
#

---------------  T H R E A D  ---------------

Current thread (0x00007f89d483f000):  VMThread [stack: 0x0000700007ffd000,0x00007000080fd000] [id=12547]

siginfo: si_signo: 11 (SIGSEGV), si_code: 0 (unknown), si_addr: 0x0000000000000000

Registers:
RAX=0x0000000103538000, RBX=0x0000000000000002, RCX=0x007ffffffed00000, RDX=0x0000000000000000
RSP=0x00007000080fc690, RBP=0x00007000080fc690, RSI=0x1fffffffb4000005, RDI=0x000000010261c0f0
R8 =0x0000000000000000, R9 =0x0000000000000000, R10=0x00007f89d7000000, R11=0x0000000000000000
R12=0x0000000000000000, R13=0x00007f89d7015430, R14=0x000000010261c0f0, R15=0x0000000000000001
RIP=0x000000010228b00b, EFLAGS=0x0000000000010206, ERR=0x0000000000000000
  TRAPNO=0x000000000000000d

Top of Stack: (sp=0x00007000080fc690)
0x00007000080fc690:   00007000080fc6d0 000000010221e508
0x00007000080fc6a0:   00000001025ea5a8 00007f89d7015430
0x00007000080fc6b0:   00000007c0922758 000000010261c0f0
0x00007000080fc6c0:   000000010261c0f0 000000011d7cdc90
0x00007000080fc6d0:   00007000080fc710 000000010222157b
0x00007000080fc6e0:   0000000101064000 00000001025ea708
0x00007000080fc6f0:   000000010261c0f0 000000000000001e
0x00007000080fc700:   000000010261c0f0 00000007c0922758
0x00007000080fc710:   00007000080fc740 000000010209d0c2
0x00007000080fc720:   00000000000001a5 00000007c0922758
0x00007000080fc730:   000000010261c0f0 00007000080fc778
0x00007000080fc740:   00007000080fc760 000000010209cfd3
0x00007000080fc750:   00000007c0903580 0000000000000001
0x00007000080fc760:   00007000080fc7f0 0000000102181c1a
0x00007000080fc770:   00000001025ed688 00000001025e6f20
0x00007000080fc780:   00000000000001fe ffffffffffffff00
0x00007000080fc790:   0000000000000004 00000000000001a6
0x00007000080fc7a0:   0000000000000000 0000000000000002
0x00007000080fc7b0:   00007f89d5d34a00 00007f89d7cf3a00
0x00007000080fc7c0:   00000001025e6f20 00007000080fc848
0x00007000080fc7d0:   00007000080fc8b0 000000010261c0f0
0x00007000080fc7e0:   000000010261c040 00007000080fc868
0x00007000080fc7f0:   00007000080fc900 000000010228d5f6
0x00007000080fc800:   00000001023c4f2f 000070000a970100
0x00007000080fc810:   000000010261bff8 000011501298b3fb
0x00007000080fc820:   00000001025ef230 00007f8900000006
0x00007000080fc830:   00007f89d310a0a0 0000000000000006
0x00007000080fc840:   00007000080fc850 0000000000000114
0x00007000080fc850:   0000000000001247 0000000000000460
0x00007000080fc860:   00000000000000bb 000000010239671b
0x00007000080fc870:   00007f89d1800100 000000010261bff8
0x00007000080fc880:   000011502fd062d5 00000001025ecf10 

Instructions: (pc=0x000000010228b00b)
0x000000010228afeb:   39 00 48 c1 ee 03 48 8d 05 00 a9 36 00 8a 08 48
0x000000010228affb:   d3 ee 48 8b 05 a4 0f 39 00 48 89 f1 48 c1 e9 06
0x000000010228b00b:   48 8b 04 c8 48 0f a3 f0 0f 92 c0 5d c3 55 48 89
0x000000010228b01b:   e5 48 8b 7f 10 5d e9 6a bc e0 ff 55 48 89 e5 48 

Register to memory mapping:

RAX=0x0000000103538000 is an unknown value
RBX=0x0000000000000002 is an unknown value
RCX=0x007ffffffed00000 is an unknown value
RDX=0x0000000000000000 is an unknown value
RSP=0x00007000080fc690 is an unknown value
RBP=0x00007000080fc690 is an unknown value
RSI=0x1fffffffb4000005 is an unknown value
RDI=0x000000010261c0f0: _ZN17PSParallelCompact17_is_alive_closureE+0 in /Applications/Android Studio.app/Contents/jre/jdk/Contents/Home/jre/lib/server/libjvm.dylib at 0x0000000101e00000
R8 =0x0000000000000000 is an unknown value
R9 =0x0000000000000000 is an unknown value
R10=0x00007f89d7000000 is an unknown value
R11=0x0000000000000000 is an unknown value
R12=0x0000000000000000 is an unknown value
R13=0x00007f89d7015430 is an unknown value
R14=0x000000010261c0f0: _ZN17PSParallelCompact17_is_alive_closureE+0 in /Applications/Android Studio.app/Contents/jre/jdk/Contents/Home/jre/lib/server/libjvm.dylib at 0x0000000101e00000
R15=0x0000000000000001 is an unknown value


Stack: [0x0000700007ffd000,0x00007000080fd000],  sp=0x00007000080fc690,  free space=1021k
Native frames: (J=compiled Java code, j=interpreted, Vv=VM code, C=native code)
V  [libjvm.dylib+0x48b00b]  PSParallelCompact::IsAliveClosure::do_object_b(oopDesc*)+0x29
V  [libjvm.dylib+0x41e508]  ReceiverTypeData::clean_weak_klass_links(BoolObjectClosure*)+0x44
V  [libjvm.dylib+0x42157b]  MethodData::clean_method_data(BoolObjectClosure*)+0x3f
V  [libjvm.dylib+0x29d0c2]  InstanceKlass::clean_method_data(BoolObjectClosure*)+0x34
V  [libjvm.dylib+0x29cfd3]  InstanceKlass::clean_weak_instanceklass_links(BoolObjectClosure*)+0x1d
V  [libjvm.dylib+0x381c1a]  Klass::clean_weak_klass_links(BoolObjectClosure*, bool)+0x18e
V  [libjvm.dylib+0x48d5f6]  PSParallelCompact::marking_phase(ParCompactionManager*, bool, ParallelOldTracer*)+0x4d4
V  [libjvm.dylib+0x48cb9b]  PSParallelCompact::invoke_no_policy(bool)+0x3e5
V  [libjvm.dylib+0x4914b1]  PSScavenge::invoke()+0xc7
V  [libjvm.dylib+0x46629f]  ParallelScavengeHeap::failed_mem_allocate(unsigned long)+0x27
V  [libjvm.dylib+0x55c9f9]  VM_ParallelGCFailedAllocation::doit()+0x4b
V  [libjvm.dylib+0x56c484]  VM_Operation::evaluate()+0x46
V  [libjvm.dylib+0x56be5d]  VMThread::evaluate_operation(VM_Operation*)+0x145
V  [libjvm.dylib+0x56b8be]  VMThread::loop()+0xc0
V  [libjvm.dylib+0x56b6f2]  VMThread::run()+0x74
V  [libjvm.dylib+0x4516c3]  java_start(Thread*)+0xfa
C  [libsystem_pthread.dylib+0x32eb]  _pthread_body+0x7e
C  [libsystem_pthread.dylib+0x6249]  _pthread_start+0x42
C  [libsystem_pthread.dylib+0x240d]  thread_start+0xd

VM_Operation (0x000070000a970f50): ParallelGCFailedAllocation, mode: safepoint, requested by thread 0x00007f89d52d7000


---------------  P R O C E S S  ---------------

Java Threads: ( => current thread )
  0x00007f89d2e3a800 JavaThread "Keep-Alive-Timer" daemon [_thread_blocked, id=42527, stack(0x000070000ad84000,0x000070000ae84000)]
  0x00007f89d1cd6000 JavaThread "Cache worker for Java compile cache (/Users/binhsuper/Documents/Java/WalletManager/.gradle/5.4.1/javaCompile)" [_thread_blocked, id=49263, stack(0x000070000ab7e000,0x000070000ac7e000)]
  0x00007f89d7ee5000 JavaThread "Cache worker for execution history cache (/Users/binhsuper/Documents/Java/WalletManager/.gradle/5.4.1/executionHistory)" [_thread_blocked, id=86323, stack(0x000070000a978000,0x000070000aa78000)]
  0x00007f89d52d7000 JavaThread "Execution worker for ':' Thread 5" [_thread_blocked, id=30251, stack(0x000070000a875000,0x000070000a975000)]
  0x00007f89d76ee800 JavaThread "Execution worker for ':' Thread 4" [_thread_blocked, id=23707, stack(0x000070000a772000,0x000070000a872000)]
  0x00007f89d39c6800 JavaThread "Execution worker for ':' Thread 3" [_thread_blocked, id=28539, stack(0x000070000a66f000,0x000070000a76f000)]
  0x00007f89d3b80800 JavaThread "Execution worker for ':' Thread 2" [_thread_blocked, id=41015, stack(0x000070000a56c000,0x000070000a66c000)]
  0x00007f89d556d800 JavaThread "Execution worker for ':'" [_thread_blocked, id=78599, stack(0x000070000a469000,0x000070000a569000)]
  0x00007f89d43c6000 JavaThread "Cache worker for file content cache (/Users/binhsuper/Documents/Java/WalletManager/.gradle/5.4.1/fileContent)" [_thread_blocked, id=42863, stack(0x000070000a366000,0x000070000a466000)]
  0x00007f89d56f3000 JavaThread "Cache worker for Build Output Cleanup Cache (/Users/binhsuper/Documents/Java/WalletManager/.gradle/buildOutputCleanup)" [_thread_blocked, id=85987, stack(0x000070000a05d000,0x000070000a15d000)]
  0x00007f89d43c5800 JavaThread "Build operations Thread 6" [_thread_blocked, id=26923, stack(0x0000700009f5a000,0x000070000a05a000)]
  0x00007f89d6f76800 JavaThread "Build operations Thread 5" [_thread_blocked, id=49007, stack(0x0000700009e57000,0x0000700009f57000)]
  0x00007f89d1cdc000 JavaThread "Build operations Thread 4" [_thread_blocked, id=43523, stack(0x0000700009d54000,0x0000700009e54000)]
  0x00007f89d5329000 JavaThread "Build operations Thread 3" [_thread_blocked, id=34847, stack(0x0000700009c51000,0x0000700009d51000)]
  0x00007f89d5214000 JavaThread "Build operations Thread 2" [_thread_blocked, id=80259, stack(0x0000700009b4e000,0x0000700009c4e000)]
  0x00007f89d1afc000 JavaThread "Build operations" [_thread_blocked, id=25467, stack(0x0000700009a4b000,0x0000700009b4b000)]
  0x00007f89d1cbf800 JavaThread "Cache worker for cache directory md-rule (/Users/binhsuper/.gradle/caches/5.4.1/md-rule)" [_thread_blocked, id=48511, stack(0x0000700009845000,0x0000700009945000)]
  0x00007f89d3d53000 JavaThread "Cache worker for cache directory md-supplier (/Users/binhsuper/.gradle/caches/5.4.1/md-supplier)" [_thread_blocked, id=31511, stack(0x0000700009742000,0x0000700009842000)]
  0x00007f89d4fb3800 JavaThread "Cache worker for file hash cache (/Users/binhsuper/Documents/Java/WalletManager/.gradle/5.4.1/fileHashes)" [_thread_blocked, id=26555, stack(0x000070000963f000,0x000070000973f000)]
  0x00007f89d6f75800 JavaThread "Thread-2357" [_thread_blocked, id=42299, stack(0x0000700009233000,0x0000700009333000)]
  0x00007f89d6ae4000 JavaThread "Stdin handler" [_thread_blocked, id=47003, stack(0x0000700009130000,0x0000700009230000)]
  0x00007f89d7357000 JavaThread "Asynchronous log dispatcher for DefaultDaemonConnection: socket connection from /127.0.0.1:52750 to /127.0.0.1:51779" [_thread_blocked, id=21795, stack(0x000070000902d000,0x000070000912d000)]
  0x00007f89d1d00800 JavaThread "Cancel handler" [_thread_blocked, id=49771, stack(0x0000700008e27000,0x0000700008f27000)]
  0x00007f89d6ff2000 JavaThread "Handler for socket connection from /127.0.0.1:52750 to /127.0.0.1:51779" [_thread_in_native, id=83723, stack(0x0000700008d24000,0x0000700008e24000)]
  0x00007f89d4f4b000 JavaThread "Daemon worker Thread 47" [_thread_blocked, id=81671, stack(0x0000700008f2a000,0x000070000902a000)]
  0x00007f89d4c4c800 JavaThread "Daemon Thread 47" [_thread_blocked, id=26631, stack(0x0000700008c21000,0x0000700008d21000)]
  0x00007f89d2901800 JavaThread "MarlinRenderer Disposer" daemon [_thread_blocked, id=35871, stack(0x000070000b293000,0x000070000b393000)]
  0x00007f89d19bb800 JavaThread "Java2D Disposer" daemon [_thread_blocked, id=34083, stack(0x000070000b190000,0x000070000b290000)]
  0x00007f89d930e800 JavaThread "AWT-AppKit" daemon [_thread_in_native, id=775, stack(0x00007ffeee3bc000,0x00007ffeeebbc000)]
  0x00007f89d752f800 JavaThread "Cache worker for Java compile cache (/Users/binhsuper/.gradle/caches/5.4.1/javaCompile)" [_thread_blocked, id=29187, stack(0x000070000aa7b000,0x000070000ab7b000)]
  0x00007f89d7977800 JavaThread "Cache worker for file content cache (/Users/binhsuper/.gradle/caches/5.4.1/fileContent)" [_thread_blocked, id=38919, stack(0x000070000a263000,0x000070000a363000)]
  0x00007f89d79d2000 JavaThread "Memory manager" [_thread_blocked, id=38403, stack(0x000070000a160000,0x000070000a260000)]
  0x00007f89d6960000 JavaThread "Cache worker for execution history cache (/Users/binhsuper/.gradle/caches/5.4.1/executionHistory)" [_thread_blocked, id=40707, stack(0x0000700009948000,0x0000700009a48000)]
  0x00007f89d4367000 JavaThread "Cache worker for journal cache (/Users/binhsuper/.gradle/caches/journal-1)" [_thread_blocked, id=41475, stack(0x000070000953c000,0x000070000963c000)]
  0x00007f89d4b36000 JavaThread "File lock request listener" [_thread_in_native, id=24067, stack(0x0000700009439000,0x0000700009539000)]
  0x00007f89d4360800 JavaThread "Cache worker for file hash cache (/Users/binhsuper/.gradle/caches/5.4.1/fileHashes)" [_thread_blocked, id=41731, stack(0x0000700009336000,0x0000700009436000)]
  0x00007f89d403b000 JavaThread "Daemon periodic checks" [_thread_blocked, id=16899, stack(0x0000700008b1e000,0x0000700008c1e000)]
  0x00007f89d3a13800 JavaThread "Incoming local TCP Connector on port 52750" [_thread_in_native, id=16643, stack(0x0000700008a1b000,0x0000700008b1b000)]
  0x00007f89d2c3f000 JavaThread "Daemon health stats" [_thread_blocked, id=17923, stack(0x0000700008918000,0x0000700008a18000)]
  0x00007f89d3801800 JavaThread "Service Thread" daemon [_thread_blocked, id=15875, stack(0x0000700008712000,0x0000700008812000)]
  0x00007f89d200d000 JavaThread "C1 CompilerThread2" daemon [_thread_blocked, id=15363, stack(0x000070000860f000,0x000070000870f000)]
  0x00007f89d4858800 JavaThread "C2 CompilerThread1" daemon [_thread_blocked, id=18435, stack(0x000070000850c000,0x000070000860c000)]
  0x00007f89d4857000 JavaThread "C2 CompilerThread0" daemon [_thread_blocked, id=14851, stack(0x0000700008409000,0x0000700008509000)]
  0x00007f89d4847800 JavaThread "Signal Dispatcher" daemon [_thread_blocked, id=19203, stack(0x0000700008306000,0x0000700008406000)]
  0x00007f89d2807800 JavaThread "Finalizer" daemon [_thread_blocked, id=20227, stack(0x0000700008203000,0x0000700008303000)]
  0x00007f89d2807000 JavaThread "Reference Handler" daemon [_thread_blocked, id=12803, stack(0x0000700008100000,0x0000700008200000)]
  0x00007f89d1805800 JavaThread "main" [_thread_blocked, id=5891, stack(0x00007000078e8000,0x00007000079e8000)]

Other Threads:
=>0x00007f89d483f000 VMThread [stack: 0x0000700007ffd000,0x00007000080fd000] [id=12547]
  0x00007f89d1807000 WatcherThread [stack: 0x0000700008815000,0x0000700008915000] [id=16387]

VM state:at safepoint (normal execution)

VM Mutex/Monitor currently owned by a thread:  ([mutex/lock_event])
[0x00007f89d1504160] Threads_lock - owner thread: 0x00007f89d483f000
[0x00007f89d1504660] Heap_lock - owner thread: 0x00007f89d52d7000

heap address: 0x0000000760000000, size: 1536 MB, Compressed Oops mode: Zero based, Oop shift amount: 3
Narrow klass base: 0x0000000000000000, Narrow klass shift: 3
Compressed class space size: 1073741824 Address: 0x00000007c0000000

Heap:
 PSYoungGen      total 449536K, used 47747K [0x00000007a0000000, 0x00000007c0000000, 0x00000007c0000000)
  eden space 383488K, 0% used [0x00000007a0000000,0x00000007a0000000,0x00000007b7680000)
  from space 66048K, 72% used [0x00000007bb900000,0x00000007be7a0f70,0x00000007bf980000)
  to   space 68096K, 0% used [0x00000007b7680000,0x00000007b7680000,0x00000007bb900000)
 ParOldGen       total 475648K, used 429855K [0x0000000760000000, 0x000000077d080000, 0x00000007a0000000)
  object space 475648K, 90% used [0x0000000760000000,0x000000077a3c7e60,0x000000077d080000)
 Metaspace       used 132861K, capacity 140420K, committed 141644K, reserved 1175552K
  class space    used 14732K, capacity 16238K, committed 16512K, reserved 1048576K

Card table byte_map: [0x0000000103037000,0x0000000103338000] byte_map_base: 0x00000000ff537000

Marking Bits: (ParMarkBitMap*) 0x000000010261bf78
 Begin Bits: [0x0000000103538000, 0x0000000104d38000)
 End Bits:   [0x0000000104d38000, 0x0000000106538000)

Polling page: 0x00000001010d1000

CodeCache: size=245760Kb used=106766Kb max_used=106766Kb free=138993Kb
 bounds [0x000000010cd32000, 0x0000000113652000, 0x000000011bd32000]
 total_blobs=29744 nmethods=28705 adapters=950
 compilation: enabled

Compilation events (10 events):
Event: 19035.504 Thread 0x00007f89d200d000 42631       3       kotlin.sequences.TransformingSequence$iterator$1::hasNext (10 bytes)
Event: 19035.504 Thread 0x00007f89d200d000 nmethod 42631 0x00000001126cf950 code [0x00000001126cfac0, 0x00000001126cfce8]
Event: 19035.504 Thread 0x00007f89d200d000 42632       3       kotlin.text.DelimitedRangesSequence$iterator$1::hasNext (26 bytes)
Event: 19035.505 Thread 0x00007f89d200d000 nmethod 42632 0x00000001126cf510 code [0x00000001126cf680, 0x00000001126cf8a8]
Event: 19035.507 Thread 0x00007f89d200d000 42634       3       io.realm.processor.QualifiedClassName::toString-impl (2 bytes)
Event: 19035.508 Thread 0x00007f89d200d000 nmethod 42634 0x00000001126cf210 code [0x00000001126cf360, 0x00000001126cf490]
Event: 19035.508 Thread 0x00007f89d200d000 42635       3       io.realm.processor.QualifiedClassName::toString (8 bytes)
Event: 19035.508 Thread 0x00007f89d200d000 nmethod 42635 0x00000001126cee50 code [0x00000001126cefc0, 0x00000001126cf170]
Event: 19035.513 Thread 0x00007f89d200d000 42636       3       com.sun.tools.javac.parser.Scanner::split (31 bytes)
Event: 19035.513 Thread 0x00007f89d200d000 nmethod 42636 0x00000001126ce8d0 code [0x00000001126cea40, 0x00000001126cece8]

GC Heap History (10 events):
Event: 18588.780 GC heap after
Heap after GC invocations=120 (full 10):
 PSYoungGen      total 442368K, used 37462K [0x00000007a0000000, 0x00000007bfb80000, 0x00000007c0000000)
  eden space 368128K, 0% used [0x00000007a0000000,0x00000007a0000000,0x00000007b6780000)
  from space 74240K, 50% used [0x00000007bb300000,0x00000007bd7959f0,0x00000007bfb80000)
  to   space 75776K, 0% used [0x00000007b6780000,0x00000007b6780000,0x00000007bb180000)
 ParOldGen       total 475648K, used 321840K [0x0000000760000000, 0x000000077d080000, 0x00000007a0000000)
  object space 475648K, 67% used [0x0000000760000000,0x0000000773a4c0d0,0x000000077d080000)
 Metaspace       used 124922K, capacity 132220K, committed 141132K, reserved 1173504K
  class space    used 14337K, capacity 15702K, committed 16512K, reserved 1048576K
}
Event: 18894.112 GC heap before
{Heap before GC invocations=121 (full 10):
 PSYoungGen      total 442368K, used 405590K [0x00000007a0000000, 0x00000007bfb80000, 0x00000007c0000000)
  eden space 368128K, 100% used [0x00000007a0000000,0x00000007b6780000,0x00000007b6780000)
  from space 74240K, 50% used [0x00000007bb300000,0x00000007bd7959f0,0x00000007bfb80000)
  to   space 75776K, 0% used [0x00000007b6780000,0x00000007b6780000,0x00000007bb180000)
 ParOldGen       total 475648K, used 321840K [0x0000000760000000, 0x000000077d080000, 0x00000007a0000000)
  object space 475648K, 67% used [0x0000000760000000,0x0000000773a4c0d0,0x000000077d080000)
 Metaspace       used 126549K, capacity 133958K, committed 141132K, reserved 1173504K
  class space    used 14416K, capacity 15809K, committed 16512K, reserved 1048576K
Event: 18894.302 GC heap after
Heap after GC invocations=121 (full 10):
 PSYoungGen      total 443904K, used 29147K [0x00000007a0000000, 0x00000007bfa80000, 0x00000007c0000000)
  eden space 368128K, 0% used [0x00000007a0000000,0x00000007a0000000,0x00000007b6780000)
  from space 75776K, 38% used [0x00000007b6780000,0x00000007b83f6d98,0x00000007bb180000)
  to   space 72192K, 0% used [0x00000007bb400000,0x00000007bb400000,0x00000007bfa80000)
 ParOldGen       total 475648K, used 351894K [0x0000000760000000, 0x000000077d080000, 0x00000007a0000000)
  object space 475648K, 73% used [0x0000000760000000,0x00000007757a5be8,0x000000077d080000)
 Metaspace       used 126549K, capacity 133958K, committed 141132K, reserved 1173504K
  class space    used 14416K, capacity 15809K, committed 16512K, reserved 1048576K
}
Event: 18897.505 GC heap before
{Heap before GC invocations=122 (full 10):
 PSYoungGen      total 443904K, used 397275K [0x00000007a0000000, 0x00000007bfa80000, 0x00000007c0000000)
  eden space 368128K, 100% used [0x00000007a0000000,0x00000007b6780000,0x00000007b6780000)
  from space 75776K, 38% used [0x00000007b6780000,0x00000007b83f6d98,0x00000007bb180000)
  to   space 72192K, 0% used [0x00000007bb400000,0x00000007bb400000,0x00000007bfa80000)
 ParOldGen       total 475648K, used 351894K [0x0000000760000000, 0x000000077d080000, 0x00000007a0000000)
  object space 475648K, 73% used [0x0000000760000000,0x00000007757a5be8,0x000000077d080000)
 Metaspace       used 128160K, capacity 135628K, committed 141132K, reserved 1173504K
  class space    used 14500K, capacity 15926K, committed 16512K, reserved 1048576K
Event: 18897.564 GC heap after
Heap after GC invocations=122 (full 10):
 PSYoungGen      total 445440K, used 36254K [0x00000007a0000000, 0x00000007bf780000, 0x00000007c0000000)
  eden space 376320K, 0% used [0x00000007a0000000,0x00000007a0000000,0x00000007b6f80000)
  from space 69120K, 52% used [0x00000007bb400000,0x00000007bd7678a8,0x00000007bf780000)
  to   space 69632K, 0% used [0x00000007b6f80000,0x00000007b6f80000,0x00000007bb380000)
 ParOldGen       total 475648K, used 377379K [0x0000000760000000, 0x000000077d080000, 0x00000007a0000000)
  object space 475648K, 79% used [0x0000000760000000,0x0000000777088df8,0x000000077d080000)
 Metaspace       used 128160K, capacity 135628K, committed 141132K, reserved 1173504K
  class space    used 14500K, capacity 15926K, committed 16512K, reserved 1048576K
}
Event: 19010.939 GC heap before
{Heap before GC invocations=123 (full 10):
 PSYoungGen      total 445440K, used 412574K [0x00000007a0000000, 0x00000007bf780000, 0x00000007c0000000)
  eden space 376320K, 100% used [0x00000007a0000000,0x00000007b6f80000,0x00000007b6f80000)
  from space 69120K, 52% used [0x00000007bb400000,0x00000007bd7678a8,0x00000007bf780000)
  to   space 69632K, 0% used [0x00000007b6f80000,0x00000007b6f80000,0x00000007bb380000)
 ParOldGen       total 475648K, used 377379K [0x0000000760000000, 0x000000077d080000, 0x00000007a0000000)
  object space 475648K, 79% used [0x0000000760000000,0x0000000777088df8,0x000000077d080000)
 Metaspace       used 129737K, capacity 137224K, committed 141132K, reserved 1173504K
  class space    used 14577K, capacity 16030K, committed 16512K, reserved 1048576K
Event: 19011.203 GC heap after
Heap after GC invocations=123 (full 10):
 PSYoungGen      total 445952K, used 32028K [0x00000007a0000000, 0x00000007bf980000, 0x00000007c0000000)
  eden space 376320K, 0% used [0x00000007a0000000,0x00000007a0000000,0x00000007b6f80000)
  from space 69632K, 45% used [0x00000007b6f80000,0x00000007b8ec7068,0x00000007bb380000)
  to   space 66048K, 0% used [0x00000007bb900000,0x00000007bb900000,0x00000007bf980000)
 ParOldGen       total 475648K, used 404545K [0x0000000760000000, 0x000000077d080000, 0x00000007a0000000)
  object space 475648K, 85% used [0x0000000760000000,0x0000000778b10718,0x000000077d080000)
 Metaspace       used 129737K, capacity 137224K, committed 141132K, reserved 1173504K
  class space    used 14577K, capacity 16030K, committed 16512K, reserved 1048576K
}
Event: 19035.546 GC heap before
{Heap before GC invocations=124 (full 10):
 PSYoungGen      total 445952K, used 408292K [0x00000007a0000000, 0x00000007bf980000, 0x00000007c0000000)
  eden space 376320K, 99% used [0x00000007a0000000,0x00000007b6f71fd0,0x00000007b6f80000)
  from space 69632K, 45% used [0x00000007b6f80000,0x00000007b8ec7068,0x00000007bb380000)
  to   space 66048K, 0% used [0x00000007bb900000,0x00000007bb900000,0x00000007bf980000)
 ParOldGen       total 475648K, used 404545K [0x0000000760000000, 0x000000077d080000, 0x00000007a0000000)
  object space 475648K, 85% used [0x0000000760000000,0x0000000778b10718,0x000000077d080000)
 Metaspace       used 132861K, capacity 140420K, committed 141644K, reserved 1175552K
  class space    used 14732K, capacity 16238K, committed 16512K, reserved 1048576K
Event: 19035.607 GC heap after
Heap after GC invocations=124 (full 10):
 PSYoungGen      total 449536K, used 47747K [0x00000007a0000000, 0x00000007c0000000, 0x00000007c0000000)
  eden space 383488K, 0% used [0x00000007a0000000,0x00000007a0000000,0x00000007b7680000)
  from space 66048K, 72% used [0x00000007bb900000,0x00000007be7a0f70,0x00000007bf980000)
  to   space 68096K, 0% used [0x00000007b7680000,0x00000007b7680000,0x00000007bb900000)
 ParOldGen       total 475648K, used 429855K [0x0000000760000000, 0x000000077d080000, 0x00000007a0000000)
  object space 475648K, 90% used [0x0000000760000000,0x000000077a3c7e60,0x000000077d080000)
 Metaspace       used 132861K, capacity 140420K, committed 141644K, reserved 1175552K
  class space    used 14732K, capacity 16238K, committed 16512K, reserved 1048576K
}
Event: 19035.607 GC heap before
{Heap before GC invocations=125 (full 11):
 PSYoungGen      total 449536K, used 47747K [0x00000007a0000000, 0x00000007c0000000, 0x00000007c0000000)
  eden space 383488K, 0% used [0x00000007a0000000,0x00000007a0000000,0x00000007b7680000)
  from space 66048K, 72% used [0x00000007bb900000,0x00000007be7a0f70,0x00000007bf980000)
  to   space 68096K, 0% used [0x00000007b7680000,0x00000007b7680000,0x00000007bb900000)
 ParOldGen       total 475648K, used 429855K [0x0000000760000000, 0x000000077d080000, 0x00000007a0000000)
  object space 475648K, 90% used [0x0000000760000000,0x000000077a3c7e60,0x000000077d080000)
 Metaspace       used 132861K, capacity 140420K, committed 141644K, reserved 1175552K
  class space    used 14732K, capacity 16238K, committed 16512K, reserved 1048576K

Deoptimization events (10 events):
Event: 18239.568 Thread 0x00007f89d5edd800 Uncommon trap: reason=class_check action=maybe_recompile pc=0x00000001116d9a78 method=com.sun.tools.javac.code.Types.isSubtypeUncheckedInternal(Lcom/sun/tools/javac/code/Type;Lcom/sun/tools/javac/code/Type;Lcom/sun/tools/javac/util/Warner;)Z @ 37
Event: 18239.568 Thread 0x00007f89d5edd800 Uncommon trap: reason=unstable_if action=reinterpret pc=0x0000000111631d90 method=com.sun.tools.javac.comp.Check.checkMethod(Lcom/sun/tools/javac/code/Type;Lcom/sun/tools/javac/code/Symbol;Lcom/sun/tools/javac/comp/Env;Lcom/sun/tools/javac/util/List;Lcom/
Event: 18284.944 Thread 0x00007f89d289b000 Uncommon trap: reason=bimorphic action=maybe_recompile pc=0x0000000112bdae08 method=kotlin.collections.CollectionsKt__IterablesKt.collectionSizeOrDefault(Ljava/lang/Iterable;I)I @ 17
Event: 18284.945 Thread 0x00007f89d289b000 Uncommon trap: reason=bimorphic action=maybe_recompile pc=0x0000000112bdae08 method=kotlin.collections.CollectionsKt__IterablesKt.collectionSizeOrDefault(Ljava/lang/Iterable;I)I @ 17
Event: 18284.946 Thread 0x00007f89d289b000 Uncommon trap: reason=bimorphic action=maybe_recompile pc=0x0000000112bdae08 method=kotlin.collections.CollectionsKt__IterablesKt.collectionSizeOrDefault(Ljava/lang/Iterable;I)I @ 17
Event: 18284.946 Thread 0x00007f89d289b000 Uncommon trap: reason=bimorphic action=maybe_recompile pc=0x0000000112bdae08 method=kotlin.collections.CollectionsKt__IterablesKt.collectionSizeOrDefault(Ljava/lang/Iterable;I)I @ 17
Event: 18286.493 Thread 0x00007f89d7530000 Uncommon trap: reason=class_check action=maybe_recompile pc=0x00000001116d9a78 method=com.sun.tools.javac.code.Types.isSubtypeUncheckedInternal(Lcom/sun/tools/javac/code/Type;Lcom/sun/tools/javac/code/Type;Lcom/sun/tools/javac/util/Warner;)Z @ 37
Event: 18286.493 Thread 0x00007f89d7530000 Uncommon trap: reason=class_check action=maybe_recompile pc=0x00000001116d9a78 method=com.sun.tools.javac.code.Types.isSubtypeUncheckedInternal(Lcom/sun/tools/javac/code/Type;Lcom/sun/tools/javac/code/Type;Lcom/sun/tools/javac/util/Warner;)Z @ 37
Event: 18588.250 Thread 0x00007f89d79d0800 Uncommon trap: reason=unstable_if action=reinterpret pc=0x000000011189bb60 method=org.gradle.internal.time.MonotonicClock.syncIsDue(JJJ)Z @ 19
Event: 18896.165 Thread 0x00007f89d5214000 Uncommon trap: reason=unstable_if action=reinterpret pc=0x00000001112749d4 method=com.sun.tools.javac.parser.JavaTokenizer.scanNumber(II)V @ 186

Classes redefined (0 events):
No events

Internal exceptions (10 events):
Event: 18897.403 Thread 0x00007f89d71b0800 Exception <a 'sun/nio/fs/UnixException'> (0x00000007b56efc10) thrown at [/Volumes/Android/buildbot/src/googleplex-android/openjdk/out/hotspot/src/share/vm/prims/jni.cpp, line 710]
Event: 18897.641 Thread 0x00007f89d6a04000 Exception <a 'sun/nio/fs/UnixException'> (0x00000007a1af8938) thrown at [/Volumes/Android/buildbot/src/googleplex-android/openjdk/out/hotspot/src/share/vm/prims/jni.cpp, line 710]
Event: 18969.633 Thread 0x00007f89d7a49800 Exception <a 'java/io/FileNotFoundException'> (0x00000007afa924d0) thrown at [/Volumes/Android/buildbot/src/googleplex-android/openjdk/out/hotspot/src/share/vm/prims/jni.cpp, line 710]
Event: 18969.634 Thread 0x00007f89d7a49800 Exception <a 'java/io/FileNotFoundException'> (0x00000007afabc290) thrown at [/Volumes/Android/buildbot/src/googleplex-android/openjdk/out/hotspot/src/share/vm/prims/jni.cpp, line 710]
Event: 18969.971 Thread 0x00007f89d4cb0000 Exception <a 'sun/nio/fs/UnixException'> (0x00000007b0b97580) thrown at [/Volumes/Android/buildbot/src/googleplex-android/openjdk/out/hotspot/src/share/vm/prims/jni.cpp, line 710]
Event: 18970.194 Thread 0x00007f89d533e800 Exception <a 'sun/nio/fs/UnixException'> (0x00000007b3a72248) thrown at [/Volumes/Android/buildbot/src/googleplex-android/openjdk/out/hotspot/src/share/vm/prims/jni.cpp, line 710]
Event: 19012.702 Thread 0x00007f89d27c5800 Exception <a 'java/io/FileNotFoundException'> (0x00000007aa61bd90) thrown at [/Volumes/Android/buildbot/src/googleplex-android/openjdk/out/hotspot/src/share/vm/prims/jni.cpp, line 710]
Event: 19012.703 Thread 0x00007f89d27c5800 Exception <a 'java/io/FileNotFoundException'> (0x00000007aa645c40) thrown at [/Volumes/Android/buildbot/src/googleplex-android/openjdk/out/hotspot/src/share/vm/prims/jni.cpp, line 710]
Event: 19012.987 Thread 0x00007f89d6ae4000 Exception <a 'sun/nio/fs/UnixException'> (0x00000007ab691db8) thrown at [/Volumes/Android/buildbot/src/googleplex-android/openjdk/out/hotspot/src/share/vm/prims/jni.cpp, line 710]
Event: 19013.177 Thread 0x00007f89d4fa3800 Exception <a 'sun/nio/fs/UnixException'> (0x00000007ae5ff7d0) thrown at [/Volumes/Android/buildbot/src/googleplex-android/openjdk/out/hotspot/src/share/vm/prims/jni.cpp, line 710]

Events (10 events):
Event: 19035.507 loading class io/realm/processor/RealmProxyMediatorGenerator$emitInsertOrUpdateListToRealmMethod$$inlined$apply$lambda$1 done
Event: 19035.507 loading class io/realm/processor/RealmProxyMediatorGenerator$emitInsertOrUpdateListToRealmMethod$$inlined$apply$lambda$2
Event: 19035.507 loading class io/realm/processor/RealmProxyMediatorGenerator$emitInsertOrUpdateListToRealmMethod$$inlined$apply$lambda$2 done
Event: 19035.507 loading class io/realm/processor/RealmProxyMediatorGenerator$emitCreteOrUpdateUsingJsonObject$$inlined$apply$lambda$1
Event: 19035.507 loading class io/realm/processor/RealmProxyMediatorGenerator$emitCreteOrUpdateUsingJsonObject$$inlined$apply$lambda$1 done
Event: 19035.508 loading class io/realm/processor/RealmProxyMediatorGenerator$emitCreateUsingJsonStream$$inlined$apply$lambda$1
Event: 19035.508 loading class io/realm/processor/RealmProxyMediatorGenerator$emitCreateUsingJsonStream$$inlined$apply$lambda$1 done
Event: 19035.508 loading class io/realm/processor/RealmProxyMediatorGenerator$emitCreateDetachedCopyMethod$$inlined$apply$lambda$1
Event: 19035.508 loading class io/realm/processor/RealmProxyMediatorGenerator$emitCreateDetachedCopyMethod$$inlined$apply$lambda$1 done
Event: 19035.545 Executing VM operation: ParallelGCFailedAllocation


Dynamic libraries:
0x00007fff2cc7c000 	/System/Library/Frameworks/Cocoa.framework/Versions/A/Cocoa
0x00007fff38a1f000 	/System/Library/Frameworks/Security.framework/Versions/A/Security
0x00007fff2b90f000 	/System/Library/Frameworks/ApplicationServices.framework/Versions/A/ApplicationServices
0x00007fff58b2f000 	/usr/lib/libz.1.dylib
0x00007fff56489000 	/usr/lib/libSystem.B.dylib
0x00007fff2d4f1000 	/System/Library/Frameworks/CoreFoundation.framework/Versions/A/CoreFoundation
0x00007fff2f773000 	/System/Library/Frameworks/Foundation.framework/Versions/C/Foundation
0x00007fff57cc0000 	/usr/lib/libobjc.A.dylib
0x00007fff2ab08000 	/System/Library/Frameworks/AppKit.framework/Versions/C/AppKit
0x00007fff2d07a000 	/System/Library/Frameworks/CoreData.framework/Versions/A/CoreData
0x00007fff4ff4f000 	/System/Library/PrivateFrameworks/RemoteViewServices.framework/Versions/A/RemoteViewServices
0x00007fff541c6000 	/System/Library/PrivateFrameworks/UIFoundation.framework/Versions/A/UIFoundation
0x00007fff558aa000 	/System/Library/PrivateFrameworks/XCTTargetBootstrap.framework/Versions/A/XCTTargetBootstrap
0x00007fff2d400000 	/System/Library/Frameworks/CoreDisplay.framework/Versions/A/CoreDisplay
0x00007fff4ac64000 	/System/Library/PrivateFrameworks/IconServices.framework/Versions/A/IconServices
0x00007fff32094000 	/System/Library/Frameworks/Metal.framework/Versions/A/Metal
0x00007fff421a9000 	/System/Library/PrivateFrameworks/DesktopServicesPriv.framework/Versions/A/DesktopServicesPriv
0x00007fff57023000 	/usr/lib/libenergytrace.dylib
0x00007fff526ad000 	/System/Library/PrivateFrameworks/SkyLight.framework/Versions/A/SkyLight
0x00007fff2d937000 	/System/Library/Frameworks/CoreGraphics.framework/Versions/A/CoreGraphics
0x00007fff298d4000 	/System/Library/Frameworks/Accelerate.framework/Versions/A/Accelerate
0x00007fff2febc000 	/System/Library/Frameworks/IOSurface.framework/Versions/A/IOSurface
0x00007fff42015000 	/System/Library/PrivateFrameworks/DFRFoundation.framework/Versions/A/DFRFoundation
0x00007fff2bdf2000 	/System/Library/Frameworks/AudioToolbox.framework/Versions/A/AudioToolbox
0x00007fff2c06b000 	/System/Library/Frameworks/AudioUnit.framework/Versions/A/AudioUnit
0x00007fff420aa000 	/System/Library/PrivateFrameworks/DataDetectorsCore.framework/Versions/A/DataDetectorsCore
0x00007fff2c77f000 	/System/Library/Frameworks/Carbon.framework/Versions/A/Frameworks/HIToolbox.framework/Versions/A/HIToolbox
0x00007fff5717c000 	/usr/lib/libicucore.A.dylib
0x00007fff37f93000 	/System/Library/Frameworks/QuartzCore.framework/Versions/A/QuartzCore
0x00007fff2cb54000 	/System/Library/Frameworks/Carbon.framework/Versions/A/Frameworks/SpeechRecognition.framework/Versions/A/SpeechRecognition
0x00007fff565dd000 	/usr/lib/libauto.dylib
0x00007fff58a23000 	/usr/lib/libxml2.2.dylib
0x00007fff41bf0000 	/System/Library/PrivateFrameworks/CoreUI.framework/Versions/A/CoreUI
0x00007fff2cf65000 	/System/Library/Frameworks/CoreAudio.framework/Versions/A/CoreAudio
0x00007fff2f5a8000 	/System/Library/Frameworks/DiskArbitration.framework/Versions/A/DiskArbitration
0x00007fff5742a000 	/usr/lib/liblangid.dylib
0x00007fff4c094000 	/System/Library/PrivateFrameworks/MultitouchSupport.framework/Versions/A/MultitouchSupport
0x00007fff2fe2b000 	/System/Library/Frameworks/IOKit.framework/Versions/A/IOKit
0x00007fff56049000 	/usr/lib/libDiagnosticMessagesClient.dylib
0x00007fff2e746000 	/System/Library/Frameworks/CoreServices.framework/Versions/A/CoreServices
0x00007fff4dd4e000 	/System/Library/PrivateFrameworks/PerformanceAnalysis.framework/Versions/A/PerformanceAnalysis
0x00007fff37181000 	/System/Library/Frameworks/OpenGL.framework/Versions/A/OpenGL
0x00007fff2cc8a000 	/System/Library/Frameworks/ColorSync.framework/Versions/A/ColorSync
0x00007fff2dfc8000 	/System/Library/Frameworks/CoreImage.framework/Versions/A/CoreImage
0x00007fff2f11e000 	/System/Library/Frameworks/CoreText.framework/Versions/A/CoreText
0x00007fff2ff1f000 	/System/Library/Frameworks/ImageIO.framework/Versions/A/ImageIO
0x00007fff3e242000 	/System/Library/PrivateFrameworks/Backup.framework/Versions/A/Backup
0x00007fff56530000 	/usr/lib/libarchive.2.dylib
0x00007fff2c3c4000 	/System/Library/Frameworks/CFNetwork.framework/Versions/A/CFNetwork
0x00007fff3917b000 	/System/Library/Frameworks/SystemConfiguration.framework/Versions/A/SystemConfiguration
0x00007fff55f7a000 	/usr/lib/libCRFSuite.dylib
0x00007fff566cc000 	/usr/lib/libc++.1.dylib
0x00007fff56720000 	/usr/lib/libc++abi.dylib
0x00007fff59325000 	/usr/lib/system/libcache.dylib
0x00007fff5932a000 	/usr/lib/system/libcommonCrypto.dylib
0x00007fff59335000 	/usr/lib/system/libcompiler_rt.dylib
0x00007fff5933d000 	/usr/lib/system/libcopyfile.dylib
0x00007fff59347000 	/usr/lib/system/libcorecrypto.dylib
0x00007fff59452000 	/usr/lib/system/libdispatch.dylib
0x00007fff5948c000 	/usr/lib/system/libdyld.dylib
0x00007fff594b9000 	/usr/lib/system/libkeymgr.dylib
0x00007fff594c7000 	/usr/lib/system/liblaunch.dylib
0x00007fff594c8000 	/usr/lib/system/libmacho.dylib
0x00007fff594ce000 	/usr/lib/system/libquarantine.dylib
0x00007fff594d1000 	/usr/lib/system/libremovefile.dylib
0x00007fff594d3000 	/usr/lib/system/libsystem_asl.dylib
0x00007fff594eb000 	/usr/lib/system/libsystem_blocks.dylib
0x00007fff594ec000 	/usr/lib/system/libsystem_c.dylib
0x00007fff59574000 	/usr/lib/system/libsystem_configuration.dylib
0x00007fff59578000 	/usr/lib/system/libsystem_coreservices.dylib
0x00007fff5957c000 	/usr/lib/system/libsystem_darwin.dylib
0x00007fff59583000 	/usr/lib/system/libsystem_dnssd.dylib
0x00007fff5958a000 	/usr/lib/system/libsystem_info.dylib
0x00007fff595ff000 	/usr/lib/system/libsystem_m.dylib
0x00007fff5964b000 	/usr/lib/system/libsystem_malloc.dylib
0x00007fff59676000 	/usr/lib/system/libsystem_networkextension.dylib
0x00007fff59681000 	/usr/lib/system/libsystem_notify.dylib
0x00007fff5969e000 	/usr/lib/system/libsystem_sandbox.dylib
0x00007fff596a2000 	/usr/lib/system/libsystem_secinit.dylib
0x00007fff595d6000 	/usr/lib/system/libsystem_kernel.dylib
0x00007fff59689000 	/usr/lib/system/libsystem_platform.dylib
0x00007fff59693000 	/usr/lib/system/libsystem_pthread.dylib
0x00007fff596a5000 	/usr/lib/system/libsystem_symptoms.dylib
0x00007fff596ad000 	/usr/lib/system/libsystem_trace.dylib
0x00007fff596c4000 	/usr/lib/system/libunwind.dylib
0x00007fff596ca000 	/usr/lib/system/libxpc.dylib
0x00007fff566ad000 	/usr/lib/libbsm.0.dylib
0x00007fff594ba000 	/usr/lib/system/libkxld.dylib
0x00007fff3d633000 	/System/Library/PrivateFrameworks/AppleFSCompression.framework/Versions/A/AppleFSCompression
0x00007fff56349000 	/usr/lib/libOpenScriptingUtil.dylib
0x00007fff569d5000 	/usr/lib/libcoretls.dylib
0x00007fff569ec000 	/usr/lib/libcoretls_cfhelpers.dylib
0x00007fff58457000 	/usr/lib/libpam.2.dylib
0x00007fff58617000 	/usr/lib/libsqlite3.dylib
0x00007fff58a11000 	/usr/lib/libxar.1.dylib
0x00007fff566be000 	/usr/lib/libbz2.1.0.dylib
0x00007fff5742c000 	/usr/lib/liblzma.5.dylib
0x00007fff578dd000 	/usr/lib/libnetwork.dylib
0x00007fff56519000 	/usr/lib/libapple_nghttp2.dylib
0x00007fff5845e000 	/usr/lib/libpcap.A.dylib
0x00007fff2eae5000 	/System/Library/Frameworks/CoreServices.framework/Versions/A/Frameworks/FSEvents.framework/Versions/A/FSEvents
0x00007fff2e7c4000 	/System/Library/Frameworks/CoreServices.framework/Versions/A/Frameworks/CarbonCore.framework/Versions/A/CarbonCore
0x00007fff2eca0000 	/System/Library/Frameworks/CoreServices.framework/Versions/A/Frameworks/Metadata.framework/Versions/A/Metadata
0x00007fff2ed3f000 	/System/Library/Frameworks/CoreServices.framework/Versions/A/Frameworks/OSServices.framework/Versions/A/OSServices
0x00007fff2ed8a000 	/System/Library/Frameworks/CoreServices.framework/Versions/A/Frameworks/SearchKit.framework/Versions/A/SearchKit
0x00007fff2e747000 	/System/Library/Frameworks/CoreServices.framework/Versions/A/Frameworks/AE.framework/Versions/A/AE
0x00007fff2eaee000 	/System/Library/Frameworks/CoreServices.framework/Versions/A/Frameworks/LaunchServices.framework/Versions/A/LaunchServices
0x00007fff2ea9c000 	/System/Library/Frameworks/CoreServices.framework/Versions/A/Frameworks/DictionaryServices.framework/Versions/A/DictionaryServices
0x00007fff2edf2000 	/System/Library/Frameworks/CoreServices.framework/Versions/A/Frameworks/SharedFileList.framework/Versions/A/SharedFileList
0x00007fff3315c000 	/System/Library/Frameworks/NetFS.framework/Versions/A/NetFS
0x00007fff4c2fa000 	/System/Library/PrivateFrameworks/NetAuth.framework/Versions/A/NetAuth
0x00007fff55cae000 	/System/Library/PrivateFrameworks/login.framework/Versions/A/Frameworks/loginsupport.framework/Versions/A/loginsupport
0x00007fff53dcf000 	/System/Library/PrivateFrameworks/TCC.framework/Versions/A/TCC
0x00007fff4124d000 	/System/Library/PrivateFrameworks/CoreNLP.framework/Versions/A/CoreNLP
0x00007fff4bd6a000 	/System/Library/PrivateFrameworks/MetadataUtilities.framework/Versions/A/MetadataUtilities
0x00007fff57501000 	/usr/lib/libmecabra.dylib
0x00007fff2b910000 	/System/Library/Frameworks/ApplicationServices.framework/Versions/A/Frameworks/ATS.framework/Versions/A/ATS
0x00007fff2bc5f000 	/System/Library/Frameworks/ApplicationServices.framework/Versions/A/Frameworks/ColorSyncLegacy.framework/Versions/A/ColorSyncLegacy
0x00007fff2bcfe000 	/System/Library/Frameworks/ApplicationServices.framework/Versions/A/Frameworks/HIServices.framework/Versions/A/HIServices
0x00007fff2bd51000 	/System/Library/Frameworks/ApplicationServices.framework/Versions/A/Frameworks/LangAnalysis.framework/Versions/A/LangAnalysis
0x00007fff2bd61000 	/System/Library/Frameworks/ApplicationServices.framework/Versions/A/Frameworks/PrintCore.framework/Versions/A/PrintCore
0x00007fff2bdab000 	/System/Library/Frameworks/ApplicationServices.framework/Versions/A/Frameworks/QD.framework/Versions/A/QD
0x00007fff2bde5000 	/System/Library/Frameworks/ApplicationServices.framework/Versions/A/Frameworks/SpeechSynthesis.framework/Versions/A/SpeechSynthesis
0x00007fff56748000 	/usr/lib/libcompression.dylib
0x00007fff32364000 	/System/Library/Frameworks/MetalPerformanceShaders.framework/Versions/A/MetalPerformanceShaders
0x00007fff298ec000 	/System/Library/Frameworks/Accelerate.framework/Versions/A/Frameworks/vImage.framework/Versions/A/vImage
0x00007fff2a966000 	/System/Library/Frameworks/Accelerate.framework/Versions/A/Frameworks/vecLib.framework/Versions/A/vecLib
0x00007fff2a8b2000 	/System/Library/Frameworks/Accelerate.framework/Versions/A/Frameworks/vecLib.framework/Versions/A/libvMisc.dylib
0x00007fff2a6ca000 	/System/Library/Frameworks/Accelerate.framework/Versions/A/Frameworks/vecLib.framework/Versions/A/libvDSP.dylib
0x00007fff29f86000 	/System/Library/Frameworks/Accelerate.framework/Versions/A/Frameworks/vecLib.framework/Versions/A/libBLAS.dylib
0x00007fff2a273000 	/System/Library/Frameworks/Accelerate.framework/Versions/A/Frameworks/vecLib.framework/Versions/A/libLAPACK.dylib
0x00007fff2a61d000 	/System/Library/Frameworks/Accelerate.framework/Versions/A/Frameworks/vecLib.framework/Versions/A/libLinearAlgebra.dylib
0x00007fff2a6b6000 	/System/Library/Frameworks/Accelerate.framework/Versions/A/Frameworks/vecLib.framework/Versions/A/libSparseBLAS.dylib
0x00007fff2a633000 	/System/Library/Frameworks/Accelerate.framework/Versions/A/Frameworks/vecLib.framework/Versions/A/libQuadrature.dylib
0x00007fff2a200000 	/System/Library/Frameworks/Accelerate.framework/Versions/A/Frameworks/vecLib.framework/Versions/A/libBNNS.dylib
0x00007fff2a639000 	/System/Library/Frameworks/Accelerate.framework/Versions/A/Frameworks/vecLib.framework/Versions/A/libSparse.dylib
0x00007fff4859b000 	/System/Library/PrivateFrameworks/GPUWrangler.framework/Versions/A/GPUWrangler
0x00007fff4a899000 	/System/Library/PrivateFrameworks/IOAccelerator.framework/Versions/A/IOAccelerator
0x00007fff4a8a4000 	/System/Library/PrivateFrameworks/IOPresentment.framework/Versions/A/IOPresentment
0x00007fff42025000 	/System/Library/PrivateFrameworks/DSExternalDisplay.framework/Versions/A/DSExternalDisplay
0x00007fff365d8000 	/System/Library/Frameworks/OpenGL.framework/Versions/A/Libraries/libCoreFSCache.dylib
0x00007fff32158000 	/System/Library/Frameworks/MetalPerformanceShaders.framework/Frameworks/MPSCore.framework/Versions/A/MPSCore
0x00007fff32178000 	/System/Library/Frameworks/MetalPerformanceShaders.framework/Frameworks/MPSImage.framework/Versions/A/MPSImage
0x00007fff3221d000 	/System/Library/Frameworks/MetalPerformanceShaders.framework/Frameworks/MPSNeuralNetwork.framework/Versions/A/MPSNeuralNetwork
0x00007fff321f5000 	/System/Library/Frameworks/MetalPerformanceShaders.framework/Frameworks/MPSMatrix.framework/Versions/A/MPSMatrix
0x00007fff32349000 	/System/Library/Frameworks/MetalPerformanceShaders.framework/Frameworks/MPSRayIntersector.framework/Versions/A/MPSRayIntersector
0x00007fff4bd93000 	/System/Library/PrivateFrameworks/MetalTools.framework/Versions/A/MetalTools
0x00007fff3cedd000 	/System/Library/PrivateFrameworks/AggregateDictionary.framework/Versions/A/AggregateDictionary
0x00007fff56329000 	/usr/lib/libMobileGestalt.dylib
0x00007fff2f281000 	/System/Library/Frameworks/CoreVideo.framework/Versions/A/CoreVideo
0x00007fff493ac000 	/System/Library/PrivateFrameworks/GraphVisualizer.framework/Versions/A/GraphVisualizer
0x00007fff4322b000 	/System/Library/PrivateFrameworks/FaceCore.framework/Versions/A/FaceCore
0x00007fff35c06000 	/System/Library/Frameworks/OpenCL.framework/Versions/A/OpenCL
0x00007fff56081000 	/usr/lib/libFosl_dynamic.dylib
0x00007fff4cb65000 	/System/Library/PrivateFrameworks/OTSVG.framework/Versions/A/OTSVG
0x00007fff2ba14000 	/System/Library/Frameworks/ApplicationServices.framework/Versions/A/Frameworks/ATS.framework/Versions/A/Resources/libFontParser.dylib
0x00007fff2bb2c000 	/System/Library/Frameworks/ApplicationServices.framework/Versions/A/Frameworks/ATS.framework/Versions/A/Resources/libFontRegistry.dylib
0x00007fff3018d000 	/System/Library/Frameworks/ImageIO.framework/Versions/A/Resources/libJPEG.dylib
0x00007fff3049f000 	/System/Library/Frameworks/ImageIO.framework/Versions/A/Resources/libTIFF.dylib
0x00007fff30475000 	/System/Library/Frameworks/ImageIO.framework/Versions/A/Resources/libPng.dylib
0x00007fff300ab000 	/System/Library/Frameworks/ImageIO.framework/Versions/A/Resources/libGIF.dylib
0x00007fff300b0000 	/System/Library/Frameworks/ImageIO.framework/Versions/A/Resources/libJP2.dylib
0x00007fff3049c000 	/System/Library/Frameworks/ImageIO.framework/Versions/A/Resources/libRadiance.dylib
0x00007fff3d78a000 	/System/Library/PrivateFrameworks/AppleJPEG.framework/Versions/A/AppleJPEG
0x00007fff365e3000 	/System/Library/Frameworks/OpenGL.framework/Versions/A/Libraries/libGFXShared.dylib
0x00007fff367a6000 	/System/Library/Frameworks/OpenGL.framework/Versions/A/Libraries/libGLU.dylib
0x00007fff365ec000 	/System/Library/Frameworks/OpenGL.framework/Versions/A/Libraries/libGL.dylib
0x00007fff365f8000 	/System/Library/Frameworks/OpenGL.framework/Versions/A/Libraries/libGLImage.dylib
0x00007fff365d5000 	/System/Library/Frameworks/OpenGL.framework/Versions/A/Libraries/libCVMSPluginSupport.dylib
0x00007fff365de000 	/System/Library/Frameworks/OpenGL.framework/Versions/A/Libraries/libCoreVMClient.dylib
0x00007fff56e99000 	/usr/lib/libcups.2.dylib
0x00007fff3165f000 	/System/Library/Frameworks/Kerberos.framework/Versions/A/Kerberos
0x00007fff2fb8f000 	/System/Library/Frameworks/GSS.framework/Versions/A/GSS
0x00007fff585ac000 	/usr/lib/libresolv.9.dylib
0x00007fff5708b000 	/usr/lib/libiconv.2.dylib
0x00007fff49521000 	/System/Library/PrivateFrameworks/Heimdal.framework/Versions/A/Heimdal
0x00007fff5705b000 	/usr/lib/libheimdal-asn1.dylib
0x00007fff35c7a000 	/System/Library/Frameworks/OpenDirectory.framework/Versions/A/OpenDirectory
0x00007fff3ffb0000 	/System/Library/PrivateFrameworks/CommonAuth.framework/Versions/A/CommonAuth
0x00007fff35c5e000 	/System/Library/Frameworks/OpenDirectory.framework/Versions/A/Frameworks/CFOpenDirectory.framework/Versions/A/CFOpenDirectory
0x00007fff38d20000 	/System/Library/Frameworks/SecurityFoundation.framework/Versions/A/SecurityFoundation
0x00007fff3c424000 	/System/Library/PrivateFrameworks/APFS.framework/Versions/A/APFS
0x00007fff58a0d000 	/usr/lib/libutil.dylib
0x00007fff56736000 	/usr/lib/libcharset.1.dylib
0x00007fff3da27000 	/System/Library/PrivateFrameworks/AppleSauce.framework/Versions/A/AppleSauce
0x00007fff3dba8000 	/System/Library/PrivateFrameworks/AssertionServices.framework/Versions/A/AssertionServices
0x00007fff3e2d8000 	/System/Library/PrivateFrameworks/BaseBoard.framework/Versions/A/BaseBoard
0x00007fff5745c000 	/usr/lib/libmecab.1.0.0.dylib
0x00007fff57055000 	/usr/lib/libgermantok.dylib
0x00007fff56506000 	/usr/lib/libThaiTokenizer.dylib
0x00007fff55fb1000 	/usr/lib/libChineseTokenizer.dylib
0x00007fff4af51000 	/System/Library/PrivateFrameworks/LanguageModeling.framework/Versions/A/LanguageModeling
0x00007fff40c92000 	/System/Library/PrivateFrameworks/CoreEmoji.framework/Versions/A/CoreEmoji
0x00007fff4b02d000 	/System/Library/PrivateFrameworks/Lexicon.framework/Versions/A/Lexicon
0x00007fff4b070000 	/System/Library/PrivateFrameworks/LinguisticData.framework/Versions/A/LinguisticData
0x00007fff56737000 	/usr/lib/libcmph.dylib
0x00007fff38dde000 	/System/Library/Frameworks/ServiceManagement.framework/Versions/A/ServiceManagement
0x00007fff3e239000 	/System/Library/PrivateFrameworks/BackgroundTaskManagement.framework/Versions/A/BackgroundTaskManagement
0x00007fff58b06000 	/usr/lib/libxslt.1.dylib
0x00007fff2ca81000 	/System/Library/Frameworks/Carbon.framework/Versions/A/Frameworks/Ink.framework/Versions/A/Ink
0x00007fff54041000 	/System/Library/PrivateFrameworks/TextureIO.framework/Versions/A/TextureIO
0x00007fff5655a000 	/usr/lib/libate.dylib
0x00007fff41f74000 	/System/Library/PrivateFrameworks/CrashReporterSupport.framework/Versions/A/CrashReporterSupport
0x00007fff5177b000 	/System/Library/PrivateFrameworks/Sharing.framework/Versions/A/Sharing
0x00007fff3df8b000 	/System/Library/PrivateFrameworks/AuthKit.framework/Versions/A/AuthKit
0x00007fff3d4df000 	/System/Library/PrivateFrameworks/Apple80211.framework/Versions/A/Apple80211
0x00007fff41d1c000 	/System/Library/PrivateFrameworks/CoreUtils.framework/Versions/A/CoreUtils
0x00007fff2f2c2000 	/System/Library/Frameworks/CoreWLAN.framework/Versions/A/CoreWLAN
0x00007fff2fcbe000 	/System/Library/Frameworks/IOBluetooth.framework/Versions/A/IOBluetooth
0x00007fff4fbef000 	/System/Library/PrivateFrameworks/ProtocolBuffer.framework/Versions/A/ProtocolBuffer
0x00007fff4bff0000 	/System/Library/PrivateFrameworks/MobileKeyBag.framework/Versions/A/MobileKeyBag
0x00007fff41560000 	/System/Library/PrivateFrameworks/CorePhoneNumbers.framework/Versions/A/CorePhoneNumbers
0x00007fff3d73e000 	/System/Library/PrivateFrameworks/AppleIDAuthSupport.framework/Versions/A/AppleIDAuthSupport
0x00007fff4af24000 	/System/Library/PrivateFrameworks/KeychainCircle.framework/Versions/A/KeychainCircle
0x00007fff4fda5000 	/System/Library/PrivateFrameworks/ROCKit.framework/Versions/A/ROCKit
0x00007fff41f10000 	/System/Library/PrivateFrameworks/CoreWiFi.framework/Versions/A/CoreWiFi
0x00007fff2d04f000 	/System/Library/Frameworks/CoreBluetooth.framework/Versions/A/CoreBluetooth
0x00007fff4216b000 	/System/Library/PrivateFrameworks/DebugSymbols.framework/Versions/A/DebugSymbols
0x00007fff41adc000 	/System/Library/PrivateFrameworks/CoreSymbolication.framework/Versions/A/CoreSymbolication
0x00007fff5385c000 	/System/Library/PrivateFrameworks/Symbolication.framework/Versions/A/Symbolication
0x00007fff530ff000 	/System/Library/PrivateFrameworks/SpeechRecognitionCore.framework/Versions/A/SpeechRecognitionCore
0x0000000101e00000 	/Applications/Android Studio.app/Contents/jre/jdk/Contents/Home/jre/lib/server/libjvm.dylib
0x00007fff588e8000 	/usr/lib/libstdc++.6.dylib
0x000000010107f000 	/Applications/Android Studio.app/Contents/jre/jdk/Contents/Home/jre/lib/libverify.dylib
0x000000010108c000 	/Applications/Android Studio.app/Contents/jre/jdk/Contents/Home/jre/lib/libjava.dylib
0x000000010111b000 	/Applications/Android Studio.app/Contents/jre/jdk/Contents/Home/jre/lib/libzip.dylib
0x0000000108e5d000 	/Applications/Android Studio.app/Contents/jre/jdk/Contents/Home/jre/lib/libnet.dylib
0x0000000108e21000 	/Applications/Android Studio.app/Contents/jre/jdk/Contents/Home/jre/lib/libnio.dylib
0x00000001088a6000 	/Users/binhsuper/.gradle/native/29/osx-amd64/libnative-platform.dylib
0x00000001092e3000 	/Applications/Android Studio.app/Contents/jre/jdk/Contents/Home/jre/lib/libmanagement.dylib
0x0000000109dc1000 	/Applications/Android Studio.app/Contents/jre/jdk/Contents/Home/jre/lib/libsunec.dylib
0x000000010bcf6000 	/Applications/Android Studio.app/Contents/jre/jdk/Contents/Home/jre/lib/libawt.dylib
0x000000010c7f8000 	/Applications/Android Studio.app/Contents/jre/jdk/Contents/Home/jre/lib/./libmlib_image.dylib
0x00007fff31648000 	/System/Library/Frameworks/JavaVM.framework/Versions/A/Frameworks/JavaNativeFoundation.framework/Versions/A/JavaNativeFoundation
0x00007fff31651000 	/System/Library/Frameworks/JavaVM.framework/Versions/A/Frameworks/JavaRuntimeSupport.framework/Versions/A/JavaRuntimeSupport
0x00007fff3165a000 	/System/Library/Frameworks/JavaVM.framework/Versions/A/JavaVM
0x00007fff4ae43000 	/System/Library/PrivateFrameworks/JavaLaunching.framework/Versions/A/JavaLaunching
0x00007fff2c77a000 	/System/Library/Frameworks/Carbon.framework/Versions/A/Carbon
0x00007fff2c77b000 	/System/Library/Frameworks/Carbon.framework/Versions/A/Frameworks/CommonPanels.framework/Versions/A/CommonPanels
0x00007fff2ca77000 	/System/Library/Frameworks/Carbon.framework/Versions/A/Frameworks/Help.framework/Versions/A/Help
0x00007fff2ca7b000 	/System/Library/Frameworks/Carbon.framework/Versions/A/Frameworks/ImageCapture.framework/Versions/A/ImageCapture
0x00007fff2cb17000 	/System/Library/Frameworks/Carbon.framework/Versions/A/Frameworks/OpenScripting.framework/Versions/A/OpenScripting
0x00007fff2cb4f000 	/System/Library/Frameworks/Carbon.framework/Versions/A/Frameworks/Print.framework/Versions/A/Print
0x00007fff2cb51000 	/System/Library/Frameworks/Carbon.framework/Versions/A/Frameworks/SecurityHI.framework/Versions/A/SecurityHI
0x000000010af6d000 	/Applications/Android Studio.app/Contents/jre/jdk/Contents/Home/jre/lib/libawt_lwawt.dylib
0x000000010b05e000 	/Applications/Android Studio.app/Contents/jre/jdk/Contents/Home/jre/lib/./libosxapp.dylib
0x00007fff2f74c000 	/System/Library/Frameworks/ExceptionHandling.framework/Versions/A/ExceptionHandling

VM Arguments:
jvm_args: -Xmx1536m -Dfile.encoding=UTF-8 -Duser.country=VN -Duser.language=en -Duser.variant 
java_command: org.gradle.launcher.daemon.bootstrap.GradleDaemon 5.4.1
java_class_path (initial): /Users/binhsuper/.gradle/wrapper/dists/gradle-5.4.1-all/3221gyojl5jsh0helicew7rwx/gradle-5.4.1/lib/gradle-launcher-5.4.1.jar
Launcher Type: SUN_STANDARD

Environment Variables:
PATH=/usr/local/bin:/usr/bin:/bin:/usr/sbin:/sbin:/usr/local/share/dotnet:/opt/X11/bin:~/.dotnet/tools:/Library/Frameworks/Mono.framework/Versions/Current/Commands:/Applications/Xamarin Workbooks.app/Contents/SharedSupport/path-bin
SHELL=/bin/bash
DISPLAY=/private/tmp/com.apple.launchd.iWr1SslE5B/org.macosforge.xquartz:0

Signal Handlers:
SIGSEGV: [libjvm.dylib+0x55bff5], sa_mask[0]=11111111011111110111111111111111, sa_flags=SA_ONSTACK|SA_RESTART|SA_SIGINFO
SIGBUS: [libjvm.dylib+0x55bff5], sa_mask[0]=11111111011111110111111111111111, sa_flags=SA_RESTART|SA_SIGINFO
SIGFPE: [libjvm.dylib+0x453a89], sa_mask[0]=11111111011111110111111111111111, sa_flags=SA_RESTART|SA_SIGINFO
SIGPIPE: [libjvm.dylib+0x453a89], sa_mask[0]=11111111011111110111111111111111, sa_flags=SA_RESTART|SA_SIGINFO
SIGXFSZ: [libjvm.dylib+0x453a89], sa_mask[0]=11111111011111110111111111111111, sa_flags=SA_RESTART|SA_SIGINFO
SIGILL: [libjvm.dylib+0x453a89], sa_mask[0]=11111111011111110111111111111111, sa_flags=SA_RESTART|SA_SIGINFO
SIGUSR1: SIG_DFL, sa_mask[0]=00000000000000000000000000000000, sa_flags=none
SIGUSR2: [libjvm.dylib+0x454390], sa_mask[0]=00100000000000000000000000000000, sa_flags=SA_RESTART|SA_SIGINFO
SIGHUP: [libjvm.dylib+0x4525a3], sa_mask[0]=11111111011111110111111111111111, sa_flags=SA_RESTART|SA_SIGINFO
SIGINT: [libjvm.dylib+0x4525a3], sa_mask[0]=11111111011111110111111111111111, sa_flags=SA_RESTART|SA_SIGINFO
SIGTERM: [libjvm.dylib+0x4525a3], sa_mask[0]=11111111011111110111111111111111, sa_flags=SA_RESTART|SA_SIGINFO
SIGQUIT: [libjvm.dylib+0x4525a3], sa_mask[0]=11111111011111110111111111111111, sa_flags=SA_RESTART|SA_SIGINFO


---------------  S Y S T E M  ---------------

OS:Bsduname:Darwin 18.7.0 Darwin Kernel Version 18.7.0: Thu Jun 20 18:42:21 PDT 2019; root:xnu-4903.270.47~4/RELEASE_X86_64 x86_64
rlimit: STACK 8192k, CORE 0k, NPROC 709, NOFILE 10240, AS infinity
load average:2.32 2.31 2.42

CPU:total 6 (initial active 6) (6 cores per cpu, 1 threads per core) family 6 model 158 stepping 10, cmov, cx8, fxsr, mmx, sse, sse2, sse3, ssse3, sse4.1, sse4.2, popcnt, avx, avx2, aes, clmul, erms, 3dnowpref, lzcnt, tsc, tscinvbit, bmi1, bmi2, adx

Memory: 4k page, physical 8388608k(25384k free)

/proc/meminfo:


vm_info: OpenJDK 64-Bit Server VM (25.202-b49-5587405) for bsd-amd64 JRE (1.8.0_202-release-1483-b49-5587405), built by "android-build" with gcc 4.2.1 Compatible Android (5058415 based on r339409) Clang 8.0.2 (https://android.googlesource.com/toolchain/clang 40173bab62ec746213857d083c0e8b0abb568790) (https://android.googlesource.com/toolchain/llvm 7a6618d69e7e8111e1d49dc9e7813767c5ca756a)

time: Sun Dec 22 17:52:55 2019
timezone: +07
elapsed time: 19036 seconds (0d 5h 17m 16s)

